{"name": "Correct search results are shown", "status": "failed", "statusDetails": {"message": "AssertionError: Should of gotten 23 results found for “cure”, but received 18 results found for “cure”\n", "trace": "  File \"C:\\Users\\hunte\\AppData\\Local\\Programs\\Python\\Python311\\Lib\\site-packages\\behave\\model.py\", line 1329, in run\n    match.run(runner.context)\n  File \"C:\\Users\\hunte\\AppData\\Local\\Programs\\Python\\Python311\\Lib\\site-packages\\behave\\matchers.py\", line 98, in run\n    self.func(context, *args, **kwargs)\n  File \"features\\steps\\search_results_steps.py\", line 21, in verify_23_products\n    context.app.search_results_page.verify_23_products()\n  File \"C:\\Users\\hunte\\PycharmProjects\\cureskin-project\\pages\\search_results_page.py\", line 23, in verify_23_products\n    assert actual_text == expected_text, f'Should of gotten {expected_text}, but received {actual_text}'\n"}, "steps": [{"name": "Given Open search result \"cure\" page", "status": "passed", "start": 1683075341252, "stop": 1683075342964}, {"name": "Then Verify that 23 products are returned", "status": "failed", "statusDetails": {"message": "AssertionError: Should of gotten 23 results found for “cure”, but received 18 results found for “cure”\n", "trace": "  File \"C:\\Users\\hunte\\AppData\\Local\\Programs\\Python\\Python311\\Lib\\site-packages\\behave\\model.py\", line 1329, in run\n    match.run(runner.context)\n  File \"C:\\Users\\hunte\\AppData\\Local\\Programs\\Python\\Python311\\Lib\\site-packages\\behave\\matchers.py\", line 98, in run\n    self.func(context, *args, **kwargs)\n  File \"features\\steps\\search_results_steps.py\", line 21, in verify_23_products\n    context.app.search_results_page.verify_23_products()\n  File \"C:\\Users\\hunte\\PycharmProjects\\cureskin-project\\pages\\search_results_page.py\", line 23, in verify_23_products\n    assert actual_text == expected_text, f'Should of gotten {expected_text}, but received {actual_text}'\n"}, "start": 1683075342964, "stop": 1683075342987}], "start": 1683075336889, "stop": 1683075345813, "uuid": "e43a5e65-641b-4e13-b4d1-42962f5a4154", "historyId": "ce1ff6c89f7a9d2718669c063d0c8d8a", "fullName": "Search Result Tests: Correct search results are shown", "labels": [{"name": "severity", "value": "normal"}, {"name": "feature", "value": "Search Result Tests"}, {"name": "framework", "value": "behave"}, {"name": "language", "value": "cpython3"}]}