{"name": "Correct search results are shown", "status": "failed", "statusDetails": {"message": "AssertionError: Expected 23 results found for “cure”, but got 18 results found for “cure”\n", "trace": "  File \"C:\\Users\\hunte\\AppData\\Local\\Programs\\Python\\Python311\\Lib\\site-packages\\behave\\model.py\", line 1329, in run\n    match.run(runner.context)\n  File \"C:\\Users\\hunte\\AppData\\Local\\Programs\\Python\\Python311\\Lib\\site-packages\\behave\\matchers.py\", line 98, in run\n    self.func(context, *args, **kwargs)\n  File \"features\\steps\\search_results_steps.py\", line 21, in verify_23_products\n    context.app.search_results_page.verify_23_products(text)\n  File \"C:\\Users\\hunte\\PycharmProjects\\cureskin-project\\pages\\search_results_page.py\", line 21, in verify_23_products\n    self.verify_element(text, *self.PRODUCT_RESULTS)\n  File \"C:\\Users\\hunte\\PycharmProjects\\cureskin-project\\pages\\base_page.py\", line 26, in verify_element\n    assert expected_text == actual_text, f'Expected {expected_text}, but got {actual_text}'\n"}, "steps": [{"name": "Given Open search result \"cure\" page", "status": "passed", "start": 1683393310888, "stop": 1683393313434}, {"name": "Then Verify that 23 results found for “cure”", "status": "failed", "statusDetails": {"message": "AssertionError: Expected 23 results found for “cure”, but got 18 results found for “cure”\n", "trace": "  File \"C:\\Users\\hunte\\AppData\\Local\\Programs\\Python\\Python311\\Lib\\site-packages\\behave\\model.py\", line 1329, in run\n    match.run(runner.context)\n  File \"C:\\Users\\hunte\\AppData\\Local\\Programs\\Python\\Python311\\Lib\\site-packages\\behave\\matchers.py\", line 98, in run\n    self.func(context, *args, **kwargs)\n  File \"features\\steps\\search_results_steps.py\", line 21, in verify_23_products\n    context.app.search_results_page.verify_23_products(text)\n  File \"C:\\Users\\hunte\\PycharmProjects\\cureskin-project\\pages\\search_results_page.py\", line 21, in verify_23_products\n    self.verify_element(text, *self.PRODUCT_RESULTS)\n  File \"C:\\Users\\hunte\\PycharmProjects\\cureskin-project\\pages\\base_page.py\", line 26, in verify_element\n    assert expected_text == actual_text, f'Expected {expected_text}, but got {actual_text}'\n"}, "start": 1683393313435, "stop": 1683393313454}], "start": 1683393309379, "stop": 1683393315683, "uuid": "85f1125e-3b44-4ee2-8187-604c8e7d584c", "historyId": "ce1ff6c89f7a9d2718669c063d0c8d8a", "fullName": "Search Result Tests: Correct search results are shown", "labels": [{"name": "severity", "value": "normal"}, {"name": "feature", "value": "Search Result Tests"}, {"name": "framework", "value": "behave"}, {"name": "language", "value": "cpython3"}]}